<?xml version="1.0" encoding="UTF-8"?>
<!-- Generated by org.testng.reporters.JUnitReportReporter -->
<testsuite skipped="0" hostname="skc" name="Testng" tests="1" failures="0" timestamp="23 Apr 2020 22:45:59 GMT" time="13.962" errors="0">
  <testcase name="test1" time="13.962" classname="Testng"/>
</testsuite> <!-- Testng -->
